<?xml version="1.0" encoding="UTF-8"?>
<testng-results ignored="0" total="1" passed="1" failed="0" skipped="0">
  <reporter-output>
  </reporter-output>
  <suite started-at="2024-02-29T21:39:27 IST" name="Default suite" finished-at="2024-02-29T21:39:50 IST" duration-ms="23578">
    <groups>
    </groups>
    <test started-at="2024-02-29T21:39:27 IST" name="Default test" finished-at="2024-02-29T21:39:50 IST" duration-ms="23578">
      <class name="flyaway.Flight_Booking">
        <test-method is-config="true" signature="beforeMethod()[pri:0, instance:flyaway.Flight_Booking@36916eb0]" started-at="2024-02-29T21:39:27 IST" name="beforeMethod" finished-at="2024-02-29T21:39:27 IST" duration-ms="22" status="PASS">
          <reporter-output>
          </reporter-output>
        </test-method> <!-- beforeMethod -->
        <test-method signature="Flight_Booking()[pri:0, instance:flyaway.Flight_Booking@36916eb0]" started-at="2024-02-29T21:39:27 IST" name="Flight_Booking" finished-at="2024-02-29T21:39:50 IST" duration-ms="23415" status="PASS">
          <reporter-output>
          </reporter-output>
        </test-method> <!-- Flight_Booking -->
        <test-method is-config="true" signature="afterMethod()[pri:0, instance:flyaway.Flight_Booking@36916eb0]" started-at="2024-02-29T21:39:50 IST" name="afterMethod" finished-at="2024-02-29T21:39:50 IST" duration-ms="8" status="PASS">
          <reporter-output>
          </reporter-output>
        </test-method> <!-- afterMethod -->
      </class> <!-- flyaway.Flight_Booking -->
    </test> <!-- Default test -->
  </suite> <!-- Default suite -->
</testng-results>
